==================
WARNING: DATA RACE
Read at 0x00c0000182a0 by goroutine 7:
  main.main.func2()
    /go-gotchas/slices/concurrent-access/main.go:25 +0x5c

Previous write at 0x00c0000182a0 by goroutine 6:
  main.main.func1()
    /go-gotchas/slices/concurrent-access/main.go:18 +0x54

Goroutine 7 (running) created at:
  main.main()
    /go-gotchas/slices/concurrent-access/main.go:23 +0x27c

Goroutine 6 (running) created at:
  main.main()
    /go-gotchas/slices/concurrent-access/main.go:9 +0x198
==================
57730
65854
66983
67767
68826
69475
70089
70798
71512
72076
72675
73279
73843
74787
75406
75985
76599
77198
77802
78351
79055
79634
80213
80777
81346
81915
82474
83363
83957
84531
85115
85674
86383
86947
87491
88225
88819
89368
90067
90736
91590
92319
92918
93497
94246
94800
95534
96128
96732
97316
97915
98489
99223
99827
100601
101350
101984
102598
103212
103821
104440
105064
105693
106332
106951
107590
108204
108953
109762
110391
111000
111604
112338
113097
113741
114395
119744
120933
122127
122931
123725
125114
125913
126662
127416
128160
128839
129573
130177
130911
131610
132314
133008
133732
134411
135575
136299
136948
137697
138366
139250
139929
140603
141272
141926
142765
143509
144228
144922
146286
147100
147824
148528
149192
150071
150750
151464
152153
152882
153551
154240
155139
155858
156892
157626
158515
159184
159913
160642
161461
161460
161709
162228
162927
163616
164285
165004
165913
166667
167491
168190
168884
169573
170232
171116
171820
172554
173248
173907
174771
175515
176404
177133
177842
178561
179415
180119
180838
181692
182386
183110
183819
184598
185327
186011
186750
187714
188478
189147
192021
192900
193614
194353
195042
195771
196475
197199
197928
198707
199426
200365
201064
201773
202687
203401
204180
204904
205618
206507
207206
207970
208894
209653
210342
211436
212335
213229
213983
214722
215436
216215
216934
217918
218647
219526
220255
220994
221918
222657
223396
224160
225039
225773
226657
227386
228105
229004
229813
230532
231266
232525
233399
234158
235042
235771
236550
237294
238048
238792
239481
240355
241119
241868
242997
243786
244565
245294
246223
246982
247731
248660
249439
250358
251122
251896
252670
253439
254633
255537
256276
257190
257979
258753
259542
260321
261105
261864
262763
263707
264481
265445
266279
267068
267847
268606
269555
270324
271138
271902
272661
273440
274219
275013
275817
276741
277680
278609
279518
280267
281186
281990
282774
283688
284442
285211
286130
286914
287668
288632
289546
290350
291244
292003
292802
293566
294380
295179
295963
296912
297691
298560
299639
300563
301387
303006
303835
304669
305633
306437
307226
308180
308984
309783
310587
311726
312520
313469
314363
315322
316121
316915
317834
318673
319647
320591
321375
322399
323213
324082
324891
325715
326544
327318
328302
329121
329950
330769
331558
332382
333211
334010
334824
335663
336617
337556
338340
339324
340168
341157
341946
342815
343809
344753
345752
346696
347545
348404
349223
350182
351066
351990
352839
353683
354492
355471
356320
357159
358153
359067
359906
360755
361749
362623
363637
364421
365415
366289
367123
367987
368846
369810
370639
371643
372467
373451
374290
375129
376078
377062
377911
378925
379884
380933
381787
382606
383610
384459
385433
386427
387256
388545
389419
390303
391197
392081
392945
393839
394713
395567
396546
397440
398319
399153
400642
401656
402675
403549
404588
405497
406521
407400
408399
409303
410197
411196
412060
412959
413858
414722
415761
416715
417634
418683
419567
420496
421425
422354
423218
424137
425056
425960
426814
427728
428702
429616
430510
431519
432588
433502
434376
435400
436289
437223
438122
439246
440190
441049
442138
443057
443971
444870
445889
446773
447692
448706
449585
450479
451413
452362
453321
454235
455189
456118
457047
457991
458940
459834
460758
461887
462796
463735
464604
465688
466642
467546
468500
469424
470338
471277
472201
473170
474134
475103
476082
477036
478000
478944
479918
480867
481806
482930
483904
484858
485972
486926
488020
489069
490013
491002
493456
494445
495554
496523
497522
498511
499455
500524
501523
502502
503471
504450
505384
506308
507357
508451
509405
510349
511363
512347
513286
514250
515209
516288
517442
518411
519355
520449
521458
522437
523406
524390
525369
526343
527347
528346
529340
530354
531348
532432
533521
534460
535524
536623
537592
538546
539490
540564
541663
542637
543606
544570
545529
546523
547512
548491
549440
550389
551363
552397
553371
554395
555394
556388
557547
558551
559580
560554
561728
562897
563916
564950
565964
566958
567927
569481
570495
571524
572508
573682
574651
575835
576889
577903
578932
579961
580965
582109
583118
584252
585256
586420
587444
588513
589567
590756
591760
592774
593828
594832
595936
597090
598119
599178
600192
601331
602390
603429
604443
605442
606521
607620
608614
609843
610877
612021
613195
614409
615443
616572
617596
618760
619959
621008
622082
623256
624300
625334
626408
627477
628531
629585
630744
631943
633072
634136
635165
636349
637553
638702
639736
640895
642114
643348
644372
645531
646795
647869
648973
650077
651156
652225
653299
654338
655607
656641
657715
658934
660013
661167
662386
663450
664634
665703
666782
667851
669070
670119
671213
672307
673461
674720
675824
676948
678097
679196
680290
681544
682658
683747
684851
685945
687169
688568
689722
690826
691960
693059
694153
695407
696486
697675
698749
699868
700927
702141
704140
705229
706473
707722
708771
709905
711014
712153
713317
714576
715655
716714
717863
719177
720281
721365
722469
723623
724732
725886
726975
728229
729353
730482
731606
732950
734084
735263
736492
737596
738720
739824
740938
742052
743146
744435
745519
746623
747722
748806
749895
750999
752108
753202
754291
755440
756709
757803
758962
760101
761400
762544
763813
765097
766216
767335
768439
769593
770742
771831
772995
774129
775373
776682
777766
779030
780214
781348
782612
783791
784950
786134
787428
788577
789731
790880
792034
793218
794437
795751
796965
798109
799443
800637
801806
802955
804224
805358
806572
807726
809015
810139
811328
812512
813766
814945
816129
817398
818587
819821
821155
822319
823678
824867
826511
827815
829114
830458
831652
832966
834145
835319
836518
837812
838991
840340
841484
842798
844022
845211
846390
847724
848908
850072
851266
852480
853639
854933
856327
857491
858890
860084
861288
862532
863741
864960
866129
867393
868722
870061
871275
872479
873698
874972
876151
877310
878654
879868
881062
882346
883560
884739
886173
887412
888591
889795
891659
892898
894122
895306
896520
897734
899023
900377
901726
903000
904334
905663
906917
908131
909440
910674
911898
913287
914511
915710
916939
918173
919432
920821
922020
923424
924678
925912
927236
928660
929904
931148
932527
933871
935130
936374
937648
938892
940201
941430
942699
943973
945237
946451
947770
949149
950403
951697
952961
954220
955469
956688
958172
959411
960660
961924
963173
964547
965911
967220
968464
969728
971047
972461
973785
975189
976438
977912
979181
980560
981874
983168
984487
985881
987235
988519
989808
991282
992636
993975
995264
996578
997997
999261
1000570
1001914
1003213
1004627
1006086
1007380
1008689
1009993
1011467
1012756
1014190
1015534
1016813
1018277
1019691
1021035
1022329
1023728
1025187
1026511
1028005
1029409
1030853
1032192
1033486
1034800
1036114
1037443
1038777
1040051
1041560
1042864
1044143
1045472
1046921
1048275
1049619
1050938
1052287
1053616
1054925
1056399
1057698
1059192
1060506
1061810
1063134
1064483
1065782
1067076
1068490
1069819
1071108
1072587
1074406
1075925
Found 1 data race(s)
exit status 66
