==================
WARNING: DATA RACE
Read at 0x00c000104038 by goroutine 110:
  main.main.func1()
    /go-gotchas/var/increment-decrement-not-atomic/main.go:20 +0xa8

Previous write at 0x00c000104038 by goroutine 176:
  main.main.func1()
    /go-gotchas/var/increment-decrement-not-atomic/main.go:20 +0xb8

Goroutine 110 (running) created at:
  main.main()
    /go-gotchas/var/increment-decrement-not-atomic/main.go:16 +0x138

Goroutine 176 (running) created at:
  main.main()
    /go-gotchas/var/increment-decrement-not-atomic/main.go:16 +0x138
==================
==================
WARNING: DATA RACE
Read at 0x00c000104038 by goroutine 101:
  main.main.func2()
    /go-gotchas/var/increment-decrement-not-atomic/main.go:27 +0xa8

Previous write at 0x00c000104038 by goroutine 110:
  main.main.func1()
    /go-gotchas/var/increment-decrement-not-atomic/main.go:20 +0xb8

Goroutine 101 (running) created at:
  main.main()
    /go-gotchas/var/increment-decrement-not-atomic/main.go:23 +0x70

Goroutine 110 (finished) created at:
  main.main()
    /go-gotchas/var/increment-decrement-not-atomic/main.go:16 +0x138
==================
==================
WARNING: DATA RACE
Read at 0x00c000104038 by goroutine 91:
  main.main.func2()
    /go-gotchas/var/increment-decrement-not-atomic/main.go:27 +0xa8

Previous write at 0x00c000104038 by goroutine 101:
  main.main.func2()
    /go-gotchas/var/increment-decrement-not-atomic/main.go:27 +0xb8

Goroutine 91 (running) created at:
  main.main()
    /go-gotchas/var/increment-decrement-not-atomic/main.go:23 +0x70

Goroutine 101 (finished) created at:
  main.main()
    /go-gotchas/var/increment-decrement-not-atomic/main.go:23 +0x70
==================
==================
WARNING: DATA RACE
Read at 0x00c000104038 by goroutine 100:
  main.main.func1()
    /go-gotchas/var/increment-decrement-not-atomic/main.go:20 +0xa8

Previous write at 0x00c000104038 by goroutine 117:
  main.main.func2()
    /go-gotchas/var/increment-decrement-not-atomic/main.go:27 +0xb8

Goroutine 100 (running) created at:
  main.main()
    /go-gotchas/var/increment-decrement-not-atomic/main.go:16 +0x138

Goroutine 117 (finished) created at:
  main.main()
    /go-gotchas/var/increment-decrement-not-atomic/main.go:23 +0x70
==================
==================
WARNING: DATA RACE
Write at 0x00c000104038 by goroutine 66:
  main.main.func1()
    /go-gotchas/var/increment-decrement-not-atomic/main.go:20 +0xb8

Previous write at 0x00c000104038 by goroutine 102:
  main.main.func1()
    /go-gotchas/var/increment-decrement-not-atomic/main.go:20 +0xb8

Goroutine 66 (running) created at:
  main.main()
    /go-gotchas/var/increment-decrement-not-atomic/main.go:16 +0x138

Goroutine 102 (running) created at:
  main.main()
    /go-gotchas/var/increment-decrement-not-atomic/main.go:16 +0x138
==================
==================
WARNING: DATA RACE
Write at 0x00c000104038 by goroutine 113:
  main.main.func2()
    /go-gotchas/var/increment-decrement-not-atomic/main.go:27 +0xb8

Previous write at 0x00c000104038 by goroutine 66:
  main.main.func1()
    /go-gotchas/var/increment-decrement-not-atomic/main.go:20 +0xb8

Goroutine 113 (running) created at:
  main.main()
    /go-gotchas/var/increment-decrement-not-atomic/main.go:23 +0x70

Goroutine 66 (running) created at:
  main.main()
    /go-gotchas/var/increment-decrement-not-atomic/main.go:16 +0x138
==================
==================
WARNING: DATA RACE
Write at 0x00c000104038 by goroutine 65:
  main.main.func2()
    /go-gotchas/var/increment-decrement-not-atomic/main.go:27 +0xb8

Previous write at 0x00c000104038 by goroutine 107:
  main.main.func2()
    /go-gotchas/var/increment-decrement-not-atomic/main.go:27 +0xb8

Goroutine 65 (running) created at:
  main.main()
    /go-gotchas/var/increment-decrement-not-atomic/main.go:23 +0x70

Goroutine 107 (running) created at:
  main.main()
    /go-gotchas/var/increment-decrement-not-atomic/main.go:23 +0x70
==================
i=-19185
Found 7 data race(s)
exit status 66
