==================
WARNING: DATA RACE
Write at 0x00c000112038 by goroutine 11:
  main.main.func2()
    /go-gotchas/memory-model/concurrent-access-of-shared-var/main.go:28 +0xb8

Previous read at 0x00c000112038 by goroutine 122:
  main.main.func1()
    /go-gotchas/memory-model/concurrent-access-of-shared-var/main.go:19 +0xbc

Goroutine 11 (running) created at:
  main.main()
    /go-gotchas/memory-model/concurrent-access-of-shared-var/main.go:24 +0x78

Goroutine 122 (finished) created at:
  main.main()
    /go-gotchas/memory-model/concurrent-access-of-shared-var/main.go:15 +0x140
==================
==================
WARNING: DATA RACE
Read at 0x00c000112038 by goroutine 106:
  main.main.func1()
    /go-gotchas/memory-model/concurrent-access-of-shared-var/main.go:19 +0xbc

Previous write at 0x00c000112038 by goroutine 134:
  main.main.func1()
    /go-gotchas/memory-model/concurrent-access-of-shared-var/main.go:20 +0x108

Goroutine 106 (running) created at:
  main.main()
    /go-gotchas/memory-model/concurrent-access-of-shared-var/main.go:15 +0x140

Goroutine 134 (finished) created at:
  main.main()
    /go-gotchas/memory-model/concurrent-access-of-shared-var/main.go:15 +0x140
==================
==================
WARNING: DATA RACE
Read at 0x00c000112038 by goroutine 135:
  main.main.func2()
    /go-gotchas/memory-model/concurrent-access-of-shared-var/main.go:28 +0xa8

Previous write at 0x00c000112038 by goroutine 183:
  main.main.func2()
    /go-gotchas/memory-model/concurrent-access-of-shared-var/main.go:28 +0xb8

Goroutine 135 (running) created at:
  main.main()
    /go-gotchas/memory-model/concurrent-access-of-shared-var/main.go:24 +0x78

Goroutine 183 (finished) created at:
  main.main()
    /go-gotchas/memory-model/concurrent-access-of-shared-var/main.go:24 +0x78
==================
==================
WARNING: DATA RACE
Write at 0x00c000112038 by goroutine 135:
  main.main.func2()
    /go-gotchas/memory-model/concurrent-access-of-shared-var/main.go:28 +0xb8

Previous write at 0x00c000112038 by goroutine 191:
  main.main.func2()
    /go-gotchas/memory-model/concurrent-access-of-shared-var/main.go:28 +0xb8

Goroutine 135 (running) created at:
  main.main()
    /go-gotchas/memory-model/concurrent-access-of-shared-var/main.go:24 +0x78

Goroutine 191 (running) created at:
  main.main()
    /go-gotchas/memory-model/concurrent-access-of-shared-var/main.go:24 +0x78
==================
==================
WARNING: DATA RACE
Write at 0x00c000112038 by goroutine 103:
  main.main.func2()
    /go-gotchas/memory-model/concurrent-access-of-shared-var/main.go:28 +0xb8

Previous read at 0x00c000112038 by goroutine 30:
  main.main.func1()
    /go-gotchas/memory-model/concurrent-access-of-shared-var/main.go:20 +0xf8

Goroutine 103 (running) created at:
  main.main()
    /go-gotchas/memory-model/concurrent-access-of-shared-var/main.go:24 +0x78

Goroutine 30 (running) created at:
  main.main()
    /go-gotchas/memory-model/concurrent-access-of-shared-var/main.go:15 +0x140
==================
==================
WARNING: DATA RACE
Write at 0x00c000112038 by goroutine 198:
  main.main.func1()
    /go-gotchas/memory-model/concurrent-access-of-shared-var/main.go:20 +0x108

Previous read at 0x00c000112038 by goroutine 30:
  main.main.func1()
    /go-gotchas/memory-model/concurrent-access-of-shared-var/main.go:19 +0xcc

Goroutine 198 (running) created at:
  main.main()
    /go-gotchas/memory-model/concurrent-access-of-shared-var/main.go:15 +0x140

Goroutine 30 (running) created at:
  main.main()
    /go-gotchas/memory-model/concurrent-access-of-shared-var/main.go:15 +0x140
==================
==================
WARNING: DATA RACE
Read at 0x00c000112038 by goroutine 198:
  main.main.func1()
    /go-gotchas/memory-model/concurrent-access-of-shared-var/main.go:19 +0xcc

Previous write at 0x00c000112038 by goroutine 99:
  main.main.func2()
    /go-gotchas/memory-model/concurrent-access-of-shared-var/main.go:28 +0xb8

Goroutine 198 (running) created at:
  main.main()
    /go-gotchas/memory-model/concurrent-access-of-shared-var/main.go:15 +0x140

Goroutine 99 (running) created at:
  main.main()
    /go-gotchas/memory-model/concurrent-access-of-shared-var/main.go:24 +0x78
==================
==================
WARNING: DATA RACE
Read at 0x00c000112038 by goroutine 194:
  main.main.func1()
    /go-gotchas/memory-model/concurrent-access-of-shared-var/main.go:20 +0xf8

Previous write at 0x00c000112038 by goroutine 10:
  main.main.func1()
    /go-gotchas/memory-model/concurrent-access-of-shared-var/main.go:20 +0x108

Goroutine 194 (running) created at:
  main.main()
    /go-gotchas/memory-model/concurrent-access-of-shared-var/main.go:15 +0x140

Goroutine 10 (running) created at:
  main.main()
    /go-gotchas/memory-model/concurrent-access-of-shared-var/main.go:15 +0x140
==================
==================
WARNING: DATA RACE
Read at 0x00c000112038 by goroutine 93:
  main.main.func2()
    /go-gotchas/memory-model/concurrent-access-of-shared-var/main.go:28 +0xa8

Previous write at 0x00c000112038 by goroutine 194:
  main.main.func1()
    /go-gotchas/memory-model/concurrent-access-of-shared-var/main.go:20 +0x108

Goroutine 93 (running) created at:
  main.main()
    /go-gotchas/memory-model/concurrent-access-of-shared-var/main.go:24 +0x78

Goroutine 194 (running) created at:
  main.main()
    /go-gotchas/memory-model/concurrent-access-of-shared-var/main.go:15 +0x140
==================
==================
WARNING: DATA RACE
Write at 0x00c000112038 by goroutine 186:
  main.main.func1()
    /go-gotchas/memory-model/concurrent-access-of-shared-var/main.go:20 +0x108

Previous write at 0x00c000112038 by goroutine 196:
  main.main.func1()
    /go-gotchas/memory-model/concurrent-access-of-shared-var/main.go:20 +0x108

Goroutine 186 (running) created at:
  main.main()
    /go-gotchas/memory-model/concurrent-access-of-shared-var/main.go:15 +0x140

Goroutine 196 (running) created at:
  main.main()
    /go-gotchas/memory-model/concurrent-access-of-shared-var/main.go:15 +0x140
==================
==================
WARNING: DATA RACE
Write at 0x00c000112038 by goroutine 41:
  main.main.func2()
    /go-gotchas/memory-model/concurrent-access-of-shared-var/main.go:28 +0xb8

Previous write at 0x00c000112038 by goroutine 196:
  main.main.func1()
    /go-gotchas/memory-model/concurrent-access-of-shared-var/main.go:20 +0x108

Goroutine 41 (running) created at:
  main.main()
    /go-gotchas/memory-model/concurrent-access-of-shared-var/main.go:24 +0x78

Goroutine 196 (running) created at:
  main.main()
    /go-gotchas/memory-model/concurrent-access-of-shared-var/main.go:15 +0x140
==================
num=553767.500000
Found 11 data race(s)
exit status 66
