==================
WARNING: DATA RACE
Write at 0x00c00000e148 by goroutine 7:
  main.main.func2()
    /go-gotchas/var/concurrent-access-of-shared-var/main.go:28 +0xb8

Previous read at 0x00c00000e148 by goroutine 202:
  main.main.func1()
    /go-gotchas/var/concurrent-access-of-shared-var/main.go:19 +0xbc

Goroutine 7 (running) created at:
  main.main()
    /go-gotchas/var/concurrent-access-of-shared-var/main.go:24 +0x78

Goroutine 202 (finished) created at:
  main.main()
    /go-gotchas/var/concurrent-access-of-shared-var/main.go:15 +0x140
==================
==================
WARNING: DATA RACE
Read at 0x00c00000e148 by goroutine 15:
  main.main.func2()
    /go-gotchas/var/concurrent-access-of-shared-var/main.go:28 +0xa8

Previous write at 0x00c00000e148 by goroutine 7:
  main.main.func2()
    /go-gotchas/var/concurrent-access-of-shared-var/main.go:28 +0xb8

Goroutine 15 (running) created at:
  main.main()
    /go-gotchas/var/concurrent-access-of-shared-var/main.go:24 +0x78

Goroutine 7 (finished) created at:
  main.main()
    /go-gotchas/var/concurrent-access-of-shared-var/main.go:24 +0x78
==================
==================
WARNING: DATA RACE
Read at 0x00c00000e148 by goroutine 6:
  main.main.func1()
    /go-gotchas/var/concurrent-access-of-shared-var/main.go:19 +0xbc

Previous write at 0x00c00000e148 by goroutine 112:
  main.main.func1()
    /go-gotchas/var/concurrent-access-of-shared-var/main.go:20 +0x108

Goroutine 6 (running) created at:
  main.main()
    /go-gotchas/var/concurrent-access-of-shared-var/main.go:15 +0x140

Goroutine 112 (running) created at:
  main.main()
    /go-gotchas/var/concurrent-access-of-shared-var/main.go:15 +0x140
==================
==================
WARNING: DATA RACE
Read at 0x00c00000e148 by goroutine 159:
  main.main.func2()
    /go-gotchas/var/concurrent-access-of-shared-var/main.go:28 +0xa8

Previous write at 0x00c00000e148 by goroutine 140:
  main.main.func1()
    /go-gotchas/var/concurrent-access-of-shared-var/main.go:20 +0x108

Goroutine 159 (running) created at:
  main.main()
    /go-gotchas/var/concurrent-access-of-shared-var/main.go:24 +0x78

Goroutine 140 (running) created at:
  main.main()
    /go-gotchas/var/concurrent-access-of-shared-var/main.go:15 +0x140
==================
==================
WARNING: DATA RACE
Write at 0x00c00000e148 by goroutine 161:
  main.main.func2()
    /go-gotchas/var/concurrent-access-of-shared-var/main.go:28 +0xb8

Previous write at 0x00c00000e148 by goroutine 159:
  main.main.func2()
    /go-gotchas/var/concurrent-access-of-shared-var/main.go:28 +0xb8

Goroutine 161 (running) created at:
  main.main()
    /go-gotchas/var/concurrent-access-of-shared-var/main.go:24 +0x78

Goroutine 159 (running) created at:
  main.main()
    /go-gotchas/var/concurrent-access-of-shared-var/main.go:24 +0x78
==================
==================
WARNING: DATA RACE
Read at 0x00c00000e148 by goroutine 112:
  main.main.func1()
    /go-gotchas/var/concurrent-access-of-shared-var/main.go:19 +0xcc

Previous write at 0x00c00000e148 by goroutine 159:
  main.main.func2()
    /go-gotchas/var/concurrent-access-of-shared-var/main.go:28 +0xb8

Goroutine 112 (running) created at:
  main.main()
    /go-gotchas/var/concurrent-access-of-shared-var/main.go:15 +0x140

Goroutine 159 (running) created at:
  main.main()
    /go-gotchas/var/concurrent-access-of-shared-var/main.go:24 +0x78
==================
==================
WARNING: DATA RACE
Read at 0x00c00000e148 by goroutine 10:
  main.main.func1()
    /go-gotchas/var/concurrent-access-of-shared-var/main.go:19 +0xcc

Previous write at 0x00c00000e148 by goroutine 104:
  main.main.func1()
    /go-gotchas/var/concurrent-access-of-shared-var/main.go:20 +0x108

Goroutine 10 (running) created at:
  main.main()
    /go-gotchas/var/concurrent-access-of-shared-var/main.go:15 +0x140

Goroutine 104 (running) created at:
  main.main()
    /go-gotchas/var/concurrent-access-of-shared-var/main.go:15 +0x140
==================
==================
WARNING: DATA RACE
Write at 0x00c00000e148 by goroutine 10:
  main.main.func1()
    /go-gotchas/var/concurrent-access-of-shared-var/main.go:20 +0x108

Previous write at 0x00c00000e148 by goroutine 148:
  main.main.func1()
    /go-gotchas/var/concurrent-access-of-shared-var/main.go:20 +0x108

Goroutine 10 (running) created at:
  main.main()
    /go-gotchas/var/concurrent-access-of-shared-var/main.go:15 +0x140

Goroutine 148 (running) created at:
  main.main()
    /go-gotchas/var/concurrent-access-of-shared-var/main.go:15 +0x140
==================
==================
WARNING: DATA RACE
Read at 0x00c00000e148 by goroutine 134:
  main.main.func1()
    /go-gotchas/var/concurrent-access-of-shared-var/main.go:20 +0xf8

Previous write at 0x00c00000e148 by goroutine 104:
  main.main.func1()
    /go-gotchas/var/concurrent-access-of-shared-var/main.go:20 +0x108

Goroutine 134 (running) created at:
  main.main()
    /go-gotchas/var/concurrent-access-of-shared-var/main.go:15 +0x140

Goroutine 104 (running) created at:
  main.main()
    /go-gotchas/var/concurrent-access-of-shared-var/main.go:15 +0x140
==================
==================
WARNING: DATA RACE
Write at 0x00c00000e148 by goroutine 6:
  main.main.func1()
    /go-gotchas/var/concurrent-access-of-shared-var/main.go:20 +0x108

Previous write at 0x00c00000e148 by goroutine 149:
  main.main.func2()
    /go-gotchas/var/concurrent-access-of-shared-var/main.go:28 +0xb8

Goroutine 6 (running) created at:
  main.main()
    /go-gotchas/var/concurrent-access-of-shared-var/main.go:15 +0x140

Goroutine 149 (running) created at:
  main.main()
    /go-gotchas/var/concurrent-access-of-shared-var/main.go:24 +0x78
==================
==================
WARNING: DATA RACE
Write at 0x00c00000e148 by goroutine 193:
  main.main.func2()
    /go-gotchas/var/concurrent-access-of-shared-var/main.go:28 +0xb8

Previous read at 0x00c00000e148 by goroutine 10:
  main.main.func1()
    /go-gotchas/var/concurrent-access-of-shared-var/main.go:20 +0xf8

Goroutine 193 (running) created at:
  main.main()
    /go-gotchas/var/concurrent-access-of-shared-var/main.go:24 +0x78

Goroutine 10 (running) created at:
  main.main()
    /go-gotchas/var/concurrent-access-of-shared-var/main.go:15 +0x140
==================
num=23030.000000
Found 11 data race(s)
exit status 66
