==================
WARNING: DATA RACE
Read at 0x00c0001180c0 by goroutine 7:
  runtime.evacuate_fast64()
    /golang/1.23.1/go/src/runtime/map_fast64.go:407 +0x3dc
  main.main.func2()
    /go-gotchas/maps/concurrent-access/main.go:29 +0xb4

Previous write at 0x00c0001180c0 by goroutine 6:
  runtime.mapaccess2_faststr()
    /golang/1.23.1/go/src/runtime/map_faststr.go:117 +0x42c
  main.main.func1()
    /go-gotchas/maps/concurrent-access/main.go:22 +0xac

Goroutine 7 (running) created at:
  main.main()
    /go-gotchas/maps/concurrent-access/main.go:27 +0x2d4

Goroutine 6 (running) created at:
  main.main()
    /go-gotchas/maps/concurrent-access/main.go:13 +0x1e4
==================
==================
WARNING: DATA RACE
Read at 0x00c0001227d8 by goroutine 7:
  main.main.func2()
    /go-gotchas/maps/concurrent-access/main.go:29 +0xbc

Previous write at 0x00c0001227d8 by goroutine 6:
  main.main.func1()
    /go-gotchas/maps/concurrent-access/main.go:22 +0xb8

Goroutine 7 (running) created at:
  main.main()
    /go-gotchas/maps/concurrent-access/main.go:27 +0x2d4

Goroutine 6 (running) created at:
  main.main()
    /go-gotchas/maps/concurrent-access/main.go:13 +0x1e4
==================
40
49
58
62
66
70
79
83
87
96
105
114
118
117
121
130
134
138
147
151
155
159
163
167
171
175
179
193
197
201
205
209
218
227
231
240
249
253
257
261
270
274
278
282
291
290
299
303
312
311
315
324
328
332
341
345
354
353
357
361
370
374
383
382
401
405
419
428
432
436
445
454
463
467
471
490
499
508
512
516
525
529
538
542
546
555
559
563
567
576
580
584
588
597
601
605
614
618
622
626
630
634
638
642
646
650
654
658
662
671
670
674
683
687
696
695
704
708
717
721
725
729
733
737
741
745
749
753
767
771
775
779
788
792
796
800
809
808
812
816
825
829
828
837
836
845
849
853
857
861
865
869
868
877
881
880
884
888
892
906
915
924
933
937
941
945
954
958
957
961
970
974
978
987
991
995
1004
1008
1012
1016
1020
1024
1028
1032
1036
1045
1049
1053
1067
1076
1085
1094
1098
1102
1106
1110
1114
1123
1127
1131
1135
1144
1148
1152
1156
1155
1164
1168
1172
1176
1185
1189
1198
1202
1211
1215
1224
1228
1237
1246
1250
1254
1258
1262
1271
1280
1284
1293
1297
1301
1305
1309
1313
1322
1326
1330
1334
1343
1352
1361
1360
1369
1373
1382
1381
1385
1389
1388
1387
1386
1385
1389
1388
1387
1386
1385
1389
1388
1387
1386
1385
1389
1388
1387
1386
1385
1389
1388
1387
1386
1385
1389
1388
1387
1386
1385
1389
1388
1387
1386
1385
1389
1388
1387
1386
1385
1389
1388
1387
1386
1385
1389
1388
1387
1386
1385
1389
1388
1387
1386
1385
1389
1388
1387
1386
1385
1389
1388
1387
1386
1385
1389
1388
1387
1386
1385
1389
1388
1387
1386
1385
1389
1388
1387
1386
1385
1389
1388
1387
1386
1385
1389
1388
1387
1386
1385
1389
1388
1387
1386
1385
1389
1388
1387
1386
1385
1389
1388
1387
1386
1385
1389
1388
1387
1386
1385
1389
1388
1387
1386
1385
1389
1388
1387
1386
1385
1389
1388
1387
1386
1385
1389
1388
1387
1386
1385
1389
1388
1387
1386
1385
1389
1388
1387
1386
1385
1389
1388
1387
1386
1390
1394
1398
1402
1406
1415
1419
1428
1427
1426
1430
1439
1443
1447
1456
1460
1464
1473
1482
1486
1485
1489
1493
1497
1501
1510
1514
1518
1522
1531
1535
1544
1548
1557
1561
1570
1574
1578
1582
1591
1600
1609
1613
1617
1626
1630
1634
1643
1647
1651
1660
1664
1673
1677
1686
1690
1689
1698
1702
1706
1715
1714
1723
1727
1731
1755
1764
1773
1772
1781
1790
1794
1803
1807
1816
1820
1829
1833
1837
1841
1845
1854
1858
1862
1866
1875
1879
1883
1892
1896
1900
1909
1913
1917
1921
1925
1929
1933
1942
1946
1950
1954
1983
2002
2011
2015
2024
2028
2037
2041
2050
2054
2063
2067
2071
2075
2079
2093
2107
2106
2110
2114
2118
2122
2126
2130
2134
2143
2147
2151
2155
2164
2168
2177
2181
2185
2189
2188
2192
2191
2195
2204
2208
2207
2211
2215
2224
2233
2237
2241
2245
2249
2248
2247
2251
2255
2264
2273
2272
2276
2275
2279
2283
2292
2296
2300
2309
2313
2322
2326
2330
2334
2343
2347
2381
2390
2409
2408
2412
2416
2420
2424
2428
2432
2431
2435
2434
2453
2457
2456
2460
2464
2468
2477
2481
2485
2489
2523
2537
2546
2545
2549
2548
2552
2571
2570
2574
2578
2587
2596
2600
2599
2608
2612
2621
2625
2634
2643
2647
2651
2660
2659
2663
2667
2671
2680
2694
2698
2702
2711
2715
2719
2723
2722
2726
2735
2739
2743
2752
2756
2760
2764
2768
2777
2781
2790
2794
2803
2807
2811
2815
2824
2828
2837
2841
2845
2849
2853
2862
2866
2870
2874
2883
2887
2891
2895
2899
2908
2912
2916
2920
2924
2933
2937
2946
2950
2979
2983
2992
2996
3005
3009
3018
3032
3041
3045
3049
3058
3062
3066
3070
3074
3083
3087
3091
3095
3099
3103
3117
3126
3130
3134
3138
3142
3146
3155
3159
3168
3172
3176
3180
3184
3193
3197
3201
3205
3214
3218
3222
3226
3230
3234
3243
3247
3251
3255
3259
3263
3267
3291
3300
3309
3318
3317
3326
3330
3329
3333
3337
3341
3345
3349
3353
3362
3366
3370
3369
3383
3382
3391
3400
3399
3403
3407
3411
3410
3414
3413
3412
3411
3410
3414
3413
3412
3411
3410
3414
3413
3412
3411
3410
3414
3413
3412
3411
3410
3414
3418
3467
3486
3495
3504
3508
3517
3521
3530
3534
3533
3542
3691
3695
3699
3698
3697
3696
3695
3699
3698
3697
3696
3695
3699
3698
3697
3696
3695
3699
3698
3697
3696
3695
3699
3698
3697
3696
3695
3699
3698
3697
3696
3695
3699
3698
3697
3696
3695
3699
3698
3697
3696
3695
3699
3698
3697
3696
3695
3699
3698
3697
3696
3695
3699
3698
3697
3696
3695
3699
3698
3697
3696
3695
3699
3698
3697
3696
3705
3704
3703
3702
3706
3705
3709
3708
3707
3706
3710
3709
3713
3717
3726
3730
3739
3743
3752
3756
3765
3769
3773
3777
3781
3785
3789
3793
3792
3806
3815
3819
3823
3827
3831
3845
3844
3853
3857
3861
3870
3879
3883
3887
3896
3900
3904
3908
3912
3916
3920
3924
3928
3937
3941
3945
3949
3953
3957
3961
3960
3959
3978
3982
4136
4135
4154
4158
4162
4166
4170
4184
4203
4212
4216
4225
4229
4233
4237
4241
4250
4254
4258
4267
4271
4280
4294
4298
4302
4306
4315
4324
4328
4382
4406
4415
4424
4433
4437
4446
4455
4459
4463
4467
4466
4640
4639
4643
4642
4641
4640
4639
4643
4642
4641
4640
4639
4643
4657
4666
4675
4689
4693
4692
4696
4700
4704
4708
4717
4721
4730
4734
4738
4747
4751
4790
4789
4788
4837
4836
4835
4844
4843
4847
4856
4865
4869
4878
4882
4891
4895
4894
4898
4902
4911
4920
Found 2 data race(s)
exit status 66
