Alloc at startup:		 0.14MB - delta: 0.14MB
Alloc Elements M1:		360.91MB - delta:360.77MB
Alloc After M1:		507.51MB - delta:146.60MB
Alloc Replacing M1 for 0:		379.26MB - delta:-128.25MB
Alloc Replacing M1 for 1:		379.26MB - delta:+ 0.00MB
Alloc Replacing M1 for 2:		379.34MB - delta:+ 0.08MB
Alloc Replacing M1 for 3:		380.46MB - delta:+ 1.12MB
Alloc Replacing M1 for 4:		381.57MB - delta:+ 1.10MB
Alloc Replacing M1 for 5:		382.67MB - delta:+ 1.10MB
Alloc Replacing M1 for 6:		383.71MB - delta:+ 1.04MB
Alloc Replacing M1 for 7:		384.71MB - delta:+ 1.00MB
Alloc Replacing M1 for 8:		385.71MB - delta:+ 1.00MB
Alloc Replacing M1 for 9:		386.73MB - delta:+ 1.02MB
Alloc Replacing M1 for 10:		387.69MB - delta:+ 0.96MB
Alloc Replacing M1 for 11:		388.65MB - delta:+ 0.97MB
Alloc Replacing M1 for 12:		389.61MB - delta:+ 0.95MB
Alloc Replacing M1 for 13:		390.54MB - delta:+ 0.93MB
Alloc Replacing M1 for 14:		391.46MB - delta:+ 0.92MB
Alloc Replacing M1 for 15:		392.36MB - delta:+ 0.90MB
Alloc Replacing M1 for 16:		393.22MB - delta:+ 0.86MB
Alloc Replacing M1 for 17:		394.10MB - delta:+ 0.88MB
Alloc Replacing M1 for 18:		394.94MB - delta:+ 0.84MB
Alloc Replacing M1 for 19:		395.80MB - delta:+ 0.86MB
